<?xml version="1.0" encoding="UTF-8"?>
<testsuite xmlns:xsi="http://www.w3.org/2001/XMLSchema-instance" xsi:noNamespaceSchemaLocation="https://maven.apache.org/surefire/maven-surefire-plugin/xsd/surefire-test-report-3.0.xsd" version="3.0" name="br.com.mercadoturbo.mercadolivre.resource.NoticesResourceTest" time="13.122" tests="1" errors="0" skipped="0" failures="0">
  <properties>
    <property name="java.specification.version" value="21"/>
    <property name="sun.cpu.isalist" value="amd64"/>
    <property name="test.url" value="http://localhost:8081"/>
    <property name="sun.jnu.encoding" value="Cp1252"/>
    <property name="io.quarkus.security.http.test-if-basic-auth-implicitly-required" value="true"/>
    <property name="java.class.path" value="C:\Users\nicol\Documents\NetBeansProjects\api-mercado-livre\target\test-classes;C:\Users\nicol\Documents\NetBeansProjects\api-mercado-livre\target\classes;C:\Users\nicol\.m2\repository\io\quarkus\quarkus-rest\3.10.0\quarkus-rest-3.10.0.jar;C:\Users\nicol\.m2\repository\io\quarkus\quarkus-rest-common\3.10.0\quarkus-rest-common-3.10.0.jar;C:\Users\nicol\.m2\repository\io\quarkus\quarkus-vertx\3.10.0\quarkus-vertx-3.10.0.jar;C:\Users\nicol\.m2\repository\io\quarkus\quarkus-netty\3.10.0\quarkus-netty-3.10.0.jar;C:\Users\nicol\.m2\repository\io\netty\netty-codec\4.1.108.Final\netty-codec-4.1.108.Final.jar;C:\Users\nicol\.m2\repository\com\aayushatharva\brotli4j\brotli4j\1.16.0\brotli4j-1.16.0.jar;C:\Users\nicol\.m2\repository\com\aayushatharva\brotli4j\service\1.16.0\service-1.16.0.jar;C:\Users\nicol\.m2\repository\com\aayushatharva\brotli4j\native-windows-x86_64\1.16.0\native-windows-x86_64-1.16.0.jar;C:\Users\nicol\.m2\repository\io\netty\netty-codec-haproxy\4.1.108.Final\netty-codec-haproxy-4.1.108.Final.jar;C:\Users\nicol\.m2\repository\io\quarkus\quarkus-vertx-latebound-mdc-provider\3.10.0\quarkus-vertx-latebound-mdc-provider-3.10.0.jar;C:\Users\nicol\.m2\repository\io\smallrye\smallrye-fault-tolerance-vertx\6.3.0\smallrye-fault-tolerance-vertx-6.3.0.jar;C:\Users\nicol\.m2\repository\io\quarkus\resteasy\reactive\resteasy-reactive-vertx\3.10.0\resteasy-reactive-vertx-3.10.0.jar;C:\Users\nicol\.m2\repository\io\vertx\vertx-web\4.5.7\vertx-web-4.5.7.jar;C:\Users\nicol\.m2\repository\io\vertx\vertx-web-common\4.5.7\vertx-web-common-4.5.7.jar;C:\Users\nicol\.m2\repository\io\vertx\vertx-auth-common\4.5.7\vertx-auth-common-4.5.7.jar;C:\Users\nicol\.m2\repository\io\vertx\vertx-bridge-common\4.5.7\vertx-bridge-common-4.5.7.jar;C:\Users\nicol\.m2\repository\io\smallrye\reactive\smallrye-mutiny-vertx-core\3.12.0\smallrye-mutiny-vertx-core-3.12.0.jar;C:\Users\nicol\.m2\repository\io\smallrye\reactive\smallrye-mutiny-vertx-runtime\3.12.0\smallrye-mutiny-vertx-runtime-3.12.0.jar;C:\Users\nicol\.m2\repository\io\smallrye\reactive\vertx-mutiny-generator\3.12.0\vertx-mutiny-generator-3.12.0.jar;C:\Users\nicol\.m2\repository\io\vertx\vertx-codegen\4.5.7\vertx-codegen-4.5.7.jar;C:\Users\nicol\.m2\repository\io\quarkus\resteasy\reactive\resteasy-reactive\3.10.0\resteasy-reactive-3.10.0.jar;C:\Users\nicol\.m2\repository\org\jboss\logging\commons-logging-jboss-logging\1.0.0.Final\commons-logging-jboss-logging-1.0.0.Final.jar;C:\Users\nicol\.m2\repository\jakarta\xml\bind\jakarta.xml.bind-api\4.0.2\jakarta.xml.bind-api-4.0.2.jar;C:\Users\nicol\.m2\repository\jakarta\activation\jakarta.activation-api\2.1.3\jakarta.activation-api-2.1.3.jar;C:\Users\nicol\.m2\repository\io\quarkus\quarkus-vertx-http\3.10.0\quarkus-vertx-http-3.10.0.jar;C:\Users\nicol\.m2\repository\io\quarkus\quarkus-security-runtime-spi\3.10.0\quarkus-security-runtime-spi-3.10.0.jar;C:\Users\nicol\.m2\repository\io\quarkus\quarkus-credentials\3.10.0\quarkus-credentials-3.10.0.jar;C:\Users\nicol\.m2\repository\io\smallrye\common\smallrye-common-vertx-context\2.3.0\smallrye-common-vertx-context-2.3.0.jar;C:\Users\nicol\.m2\repository\io\smallrye\common\smallrye-common-constraint\2.3.0\smallrye-common-constraint-2.3.0.jar;C:\Users\nicol\.m2\repository\io\quarkus\security\quarkus-security\2.0.3.Final\quarkus-security-2.0.3.Final.jar;C:\Users\nicol\.m2\repository\io\smallrye\reactive\smallrye-mutiny-vertx-web\3.12.0\smallrye-mutiny-vertx-web-3.12.0.jar;C:\Users\nicol\.m2\repository\io\smallrye\reactive\smallrye-mutiny-vertx-web-common\3.12.0\smallrye-mutiny-vertx-web-common-3.12.0.jar;C:\Users\nicol\.m2\repository\io\smallrye\reactive\smallrye-mutiny-vertx-auth-common\3.12.0\smallrye-mutiny-vertx-auth-common-3.12.0.jar;C:\Users\nicol\.m2\repository\io\smallrye\reactive\smallrye-mutiny-vertx-bridge-common\3.12.0\smallrye-mutiny-vertx-bridge-common-3.12.0.jar;C:\Users\nicol\.m2\repository\io\smallrye\reactive\smallrye-mutiny-vertx-uri-template\3.12.0\smallrye-mutiny-vertx-uri-template-3.12.0.jar;C:\Users\nicol\.m2\repository\io\vertx\vertx-uri-template\4.5.7\vertx-uri-template-4.5.7.jar;C:\Users\nicol\.m2\repository\io\github\crac\org-crac\0.1.3\org-crac-0.1.3.jar;C:\Users\nicol\.m2\repository\io\quarkus\quarkus-jsonp\3.10.0\quarkus-jsonp-3.10.0.jar;C:\Users\nicol\.m2\repository\io\quarkus\quarkus-virtual-threads\3.10.0\quarkus-virtual-threads-3.10.0.jar;C:\Users\nicol\.m2\repository\io\vertx\vertx-core\4.5.7\vertx-core-4.5.7.jar;C:\Users\nicol\.m2\repository\io\netty\netty-common\4.1.108.Final\netty-common-4.1.108.Final.jar;C:\Users\nicol\.m2\repository\io\netty\netty-buffer\4.1.108.Final\netty-buffer-4.1.108.Final.jar;C:\Users\nicol\.m2\repository\io\netty\netty-transport\4.1.108.Final\netty-transport-4.1.108.Final.jar;C:\Users\nicol\.m2\repository\io\netty\netty-handler\4.1.108.Final\netty-handler-4.1.108.Final.jar;C:\Users\nicol\.m2\repository\io\netty\netty-transport-native-unix-common\4.1.108.Final\netty-transport-native-unix-common-4.1.108.Final.jar;C:\Users\nicol\.m2\repository\io\netty\netty-handler-proxy\4.1.108.Final\netty-handler-proxy-4.1.108.Final.jar;C:\Users\nicol\.m2\repository\io\netty\netty-codec-socks\4.1.108.Final\netty-codec-socks-4.1.108.Final.jar;C:\Users\nicol\.m2\repository\io\netty\netty-codec-http\4.1.108.Final\netty-codec-http-4.1.108.Final.jar;C:\Users\nicol\.m2\repository\io\netty\netty-codec-http2\4.1.108.Final\netty-codec-http2-4.1.108.Final.jar;C:\Users\nicol\.m2\repository\io\netty\netty-resolver\4.1.108.Final\netty-resolver-4.1.108.Final.jar;C:\Users\nicol\.m2\repository\io\netty\netty-resolver-dns\4.1.108.Final\netty-resolver-dns-4.1.108.Final.jar;C:\Users\nicol\.m2\repository\io\netty\netty-codec-dns\4.1.108.Final\netty-codec-dns-4.1.108.Final.jar;C:\Users\nicol\.m2\repository\io\quarkus\quarkus-rest-client\3.10.0\quarkus-rest-client-3.10.0.jar;C:\Users\nicol\.m2\repository\io\quarkus\quarkus-rest-client-jaxrs\3.10.0\quarkus-rest-client-jaxrs-3.10.0.jar;C:\Users\nicol\.m2\repository\io\quarkus\resteasy\reactive\resteasy-reactive-client\3.10.0\resteasy-reactive-client-3.10.0.jar;C:\Users\nicol\.m2\repository\io\vertx\vertx-web-client\4.5.7\vertx-web-client-4.5.7.jar;C:\Users\nicol\.m2\repository\io\quarkus\quarkus-smallrye-stork\3.10.0\quarkus-smallrye-stork-3.10.0.jar;C:\Users\nicol\.m2\repository\io\quarkus\quarkus-rest-client-config\3.10.0\quarkus-rest-client-config-3.10.0.jar;C:\Users\nicol\.m2\repository\io\smallrye\jandex\3.1.7\jandex-3.1.7.jar;C:\Users\nicol\.m2\repository\io\smallrye\stork\stork-api\2.6.0\stork-api-2.6.0.jar;C:\Users\nicol\.m2\repository\io\smallrye\stork\stork-core\2.6.0\stork-core-2.6.0.jar;C:\Users\nicol\.m2\repository\org\slf4j\slf4j-api\2.0.6\slf4j-api-2.0.6.jar;C:\Users\nicol\.m2\repository\org\eclipse\microprofile\rest\client\microprofile-rest-client-api\3.0.1\microprofile-rest-client-api-3.0.1.jar;C:\Users\nicol\.m2\repository\io\quarkus\quarkus-rest-jackson\3.10.0\quarkus-rest-jackson-3.10.0.jar;C:\Users\nicol\.m2\repository\io\quarkus\quarkus-rest-jackson-common\3.10.0\quarkus-rest-jackson-common-3.10.0.jar;C:\Users\nicol\.m2\repository\io\quarkus\quarkus-jackson\3.10.0\quarkus-jackson-3.10.0.jar;C:\Users\nicol\.m2\repository\com\fasterxml\jackson\datatype\jackson-datatype-jsr310\2.17.0\jackson-datatype-jsr310-2.17.0.jar;C:\Users\nicol\.m2\repository\com\fasterxml\jackson\datatype\jackson-datatype-jdk8\2.17.0\jackson-datatype-jdk8-2.17.0.jar;C:\Users\nicol\.m2\repository\com\fasterxml\jackson\module\jackson-module-parameter-names\2.17.0\jackson-module-parameter-names-2.17.0.jar;C:\Users\nicol\.m2\repository\io\quarkus\quarkus-rest-client-jackson\3.10.0\quarkus-rest-client-jackson-3.10.0.jar;C:\Users\nicol\.m2\repository\io\quarkus\resteasy\reactive\resteasy-reactive-jackson\3.10.0\resteasy-reactive-jackson-3.10.0.jar;C:\Users\nicol\.m2\repository\com\fasterxml\jackson\core\jackson-databind\2.17.0\jackson-databind-2.17.0.jar;C:\Users\nicol\.m2\repository\com\fasterxml\jackson\core\jackson-annotations\2.17.0\jackson-annotations-2.17.0.jar;C:\Users\nicol\.m2\repository\net\bytebuddy\byte-buddy\1.14.11\byte-buddy-1.14.11.jar;C:\Users\nicol\.m2\repository\io\quarkus\quarkus-smallrye-openapi\3.10.0\quarkus-smallrye-openapi-3.10.0.jar;C:\Users\nicol\.m2\repository\io\smallrye\smallrye-open-api-core\3.10.0\smallrye-open-api-core-3.10.0.jar;C:\Users\nicol\.m2\repository\org\eclipse\microprofile\openapi\microprofile-openapi-api\3.1.1\microprofile-openapi-api-3.1.1.jar;C:\Users\nicol\.m2\repository\org\eclipse\microprofile\config\microprofile-config-api\3.0.3\microprofile-config-api-3.0.3.jar;C:\Users\nicol\.m2\repository\com\fasterxml\jackson\core\jackson-core\2.17.0\jackson-core-2.17.0.jar;C:\Users\nicol\.m2\repository\com\fasterxml\jackson\dataformat\jackson-dataformat-yaml\2.17.0\jackson-dataformat-yaml-2.17.0.jar;C:\Users\nicol\.m2\repository\org\yaml\snakeyaml\2.2\snakeyaml-2.2.jar;C:\Users\nicol\.m2\repository\io\quarkus\quarkus-core\3.10.0\quarkus-core-3.10.0.jar;C:\Users\nicol\.m2\repository\jakarta\inject\jakarta.inject-api\2.0.1\jakarta.inject-api-2.0.1.jar;C:\Users\nicol\.m2\repository\io\smallrye\common\smallrye-common-os\2.3.0\smallrye-common-os-2.3.0.jar;C:\Users\nicol\.m2\repository\io\quarkus\quarkus-ide-launcher\3.10.0\quarkus-ide-launcher-3.10.0.jar;C:\Users\nicol\.m2\repository\io\quarkus\quarkus-development-mode-spi\3.10.0\quarkus-development-mode-spi-3.10.0.jar;C:\Users\nicol\.m2\repository\io\smallrye\config\smallrye-config\3.7.1\smallrye-config-3.7.1.jar;C:\Users\nicol\.m2\repository\io\smallrye\config\smallrye-config-core\3.7.1\smallrye-config-core-3.7.1.jar;C:\Users\nicol\.m2\repository\io\smallrye\common\smallrye-common-classloader\2.3.0\smallrye-common-classloader-2.3.0.jar;C:\Users\nicol\.m2\repository\io\smallrye\config\smallrye-config-common\3.7.1\smallrye-config-common-3.7.1.jar;C:\Users\nicol\.m2\repository\org\jboss\logmanager\jboss-logmanager\3.0.4.Final\jboss-logmanager-3.0.4.Final.jar;C:\Users\nicol\.m2\repository\io\smallrye\common\smallrye-common-cpu\2.3.0\smallrye-common-cpu-2.3.0.jar;C:\Users\nicol\.m2\repository\io\smallrye\common\smallrye-common-expression\2.3.0\smallrye-common-expression-2.3.0.jar;C:\Users\nicol\.m2\repository\io\smallrye\common\smallrye-common-function\2.3.0\smallrye-common-function-2.3.0.jar;C:\Users\nicol\.m2\repository\io\smallrye\common\smallrye-common-net\2.3.0\smallrye-common-net-2.3.0.jar;C:\Users\nicol\.m2\repository\io\smallrye\common\smallrye-common-ref\2.3.0\smallrye-common-ref-2.3.0.jar;C:\Users\nicol\.m2\repository\org\jboss\logging\jboss-logging-annotations\2.2.1.Final\jboss-logging-annotations-2.2.1.Final.jar;C:\Users\nicol\.m2\repository\org\jboss\threads\jboss-threads\3.6.1.Final\jboss-threads-3.6.1.Final.jar;C:\Users\nicol\.m2\repository\org\jboss\slf4j\slf4j-jboss-logmanager\2.0.0.Final\slf4j-jboss-logmanager-2.0.0.Final.jar;C:\Users\nicol\.m2\repository\org\wildfly\common\wildfly-common\1.7.0.Final\wildfly-common-1.7.0.Final.jar;C:\Users\nicol\.m2\repository\io\quarkus\quarkus-bootstrap-runner\3.10.0\quarkus-bootstrap-runner-3.10.0.jar;C:\Users\nicol\.m2\repository\io\quarkus\quarkus-fs-util\0.0.10\quarkus-fs-util-0.0.10.jar;C:\Users\nicol\.m2\repository\io\quarkus\quarkus-arc\3.10.0\quarkus-arc-3.10.0.jar;C:\Users\nicol\.m2\repository\io\quarkus\arc\arc\3.10.0\arc-3.10.0.jar;C:\Users\nicol\.m2\repository\jakarta\transaction\jakarta.transaction-api\2.0.1\jakarta.transaction-api-2.0.1.jar;C:\Users\nicol\.m2\repository\org\eclipse\microprofile\context-propagation\microprofile-context-propagation-api\1.3\microprofile-context-propagation-api-1.3.jar;C:\Users\nicol\.m2\repository\io\quarkus\quarkus-swagger-ui\3.10.0\quarkus-swagger-ui-3.10.0.jar;C:\Users\nicol\.m2\repository\io\quarkus\quarkus-junit5\3.10.0\quarkus-junit5-3.10.0.jar;C:\Users\nicol\.m2\repository\io\quarkus\quarkus-bootstrap-core\3.10.0\quarkus-bootstrap-core-3.10.0.jar;C:\Users\nicol\.m2\repository\io\quarkus\quarkus-bootstrap-app-model\3.10.0\quarkus-bootstrap-app-model-3.10.0.jar;C:\Users\nicol\.m2\repository\io\smallrye\common\smallrye-common-io\2.3.0\smallrye-common-io-2.3.0.jar;C:\Users\nicol\.m2\repository\org\eclipse\sisu\org.eclipse.sisu.inject\0.9.0.M2\org.eclipse.sisu.inject-0.9.0.M2.jar;C:\Users\nicol\.m2\repository\io\quarkus\quarkus-test-common\3.10.0\quarkus-test-common-3.10.0.jar;C:\Users\nicol\.m2\repository\io\quarkus\quarkus-core-deployment\3.10.0\quarkus-core-deployment-3.10.0.jar;C:\Users\nicol\.m2\repository\org\aesh\readline\2.4\readline-2.4.jar;C:\Users\nicol\.m2\repository\org\fusesource\jansi\jansi\2.4.0\jansi-2.4.0.jar;C:\Users\nicol\.m2\repository\org\aesh\aesh\2.7\aesh-2.7.jar;C:\Users\nicol\.m2\repository\io\quarkus\gizmo\gizmo\1.8.0\gizmo-1.8.0.jar;C:\Users\nicol\.m2\repository\org\ow2\asm\asm-util\9.7\asm-util-9.7.jar;C:\Users\nicol\.m2\repository\org\ow2\asm\asm-analysis\9.7\asm-analysis-9.7.jar;C:\Users\nicol\.m2\repository\org\ow2\asm\asm\9.7\asm-9.7.jar;C:\Users\nicol\.m2\repository\org\ow2\asm\asm-commons\9.7\asm-commons-9.7.jar;C:\Users\nicol\.m2\repository\org\ow2\asm\asm-tree\9.7\asm-tree-9.7.jar;C:\Users\nicol\.m2\repository\io\quarkus\quarkus-class-change-agent\3.10.0\quarkus-class-change-agent-3.10.0.jar;C:\Users\nicol\.m2\repository\io\quarkus\quarkus-devtools-utilities\3.10.0\quarkus-devtools-utilities-3.10.0.jar;C:\Users\nicol\.m2\repository\io\quarkus\quarkus-builder\3.10.0\quarkus-builder-3.10.0.jar;C:\Users\nicol\.m2\repository\org\graalvm\sdk\nativeimage\23.1.2\nativeimage-23.1.2.jar;C:\Users\nicol\.m2\repository\org\graalvm\sdk\word\23.1.2\word-23.1.2.jar;C:\Users\nicol\.m2\repository\org\junit\platform\junit-platform-launcher\1.10.2\junit-platform-launcher-1.10.2.jar;C:\Users\nicol\.m2\repository\io\quarkus\quarkus-bootstrap-maven-resolver\3.10.0\quarkus-bootstrap-maven-resolver-3.10.0.jar;C:\Users\nicol\.m2\repository\io\smallrye\beanbag\smallrye-beanbag-maven\1.4.1\smallrye-beanbag-maven-1.4.1.jar;C:\Users\nicol\.m2\repository\io\smallrye\beanbag\smallrye-beanbag-sisu\1.4.1\smallrye-beanbag-sisu-1.4.1.jar;C:\Users\nicol\.m2\repository\io\smallrye\beanbag\smallrye-beanbag\1.4.1\smallrye-beanbag-1.4.1.jar;C:\Users\nicol\.m2\repository\javax\inject\javax.inject\1\javax.inject-1.jar;C:\Users\nicol\.m2\repository\org\apache\maven\maven-artifact\3.9.6\maven-artifact-3.9.6.jar;C:\Users\nicol\.m2\repository\org\apache\maven\maven-builder-support\3.9.6\maven-builder-support-3.9.6.jar;C:\Users\nicol\.m2\repository\org\apache\maven\maven-model\3.9.6\maven-model-3.9.6.jar;C:\Users\nicol\.m2\repository\org\apache\maven\maven-model-builder\3.9.6\maven-model-builder-3.9.6.jar;C:\Users\nicol\.m2\repository\org\apache\maven\maven-repository-metadata\3.9.6\maven-repository-metadata-3.9.6.jar;C:\Users\nicol\.m2\repository\org\apache\maven\maven-settings\3.9.6\maven-settings-3.9.6.jar;C:\Users\nicol\.m2\repository\org\apache\maven\resolver\maven-resolver-api\1.9.18\maven-resolver-api-1.9.18.jar;C:\Users\nicol\.m2\repository\org\apache\maven\resolver\maven-resolver-impl\1.9.18\maven-resolver-impl-1.9.18.jar;C:\Users\nicol\.m2\repository\org\apache\maven\resolver\maven-resolver-named-locks\1.9.18\maven-resolver-named-locks-1.9.18.jar;C:\Users\nicol\.m2\repository\org\apache\maven\resolver\maven-resolver-spi\1.9.18\maven-resolver-spi-1.9.18.jar;C:\Users\nicol\.m2\repository\org\apache\maven\resolver\maven-resolver-util\1.9.18\maven-resolver-util-1.9.18.jar;C:\Users\nicol\.m2\repository\org\apache\maven\resolver\maven-resolver-transport-http\1.9.18\maven-resolver-transport-http-1.9.18.jar;C:\Users\nicol\.m2\repository\org\apache\maven\wagon\wagon-provider-api\3.5.3\wagon-provider-api-3.5.3.jar;C:\Users\nicol\.m2\repository\org\apache\maven\wagon\wagon-http-shared\3.5.3\wagon-http-shared-3.5.3.jar;C:\Users\nicol\.m2\repository\org\codehaus\plexus\plexus-interpolation\1.26\plexus-interpolation-1.26.jar;C:\Users\nicol\.m2\repository\org\codehaus\plexus\plexus-utils\3.5.1\plexus-utils-3.5.1.jar;C:\Users\nicol\.m2\repository\org\codehaus\plexus\plexus-xml\4.0.0\plexus-xml-4.0.0.jar;C:\Users\nicol\.m2\repository\org\apache\maven\maven-xml-impl\4.0.0-alpha-5\maven-xml-impl-4.0.0-alpha-5.jar;C:\Users\nicol\.m2\repository\org\apache\maven\maven-api-xml\4.0.0-alpha-5\maven-api-xml-4.0.0-alpha-5.jar;C:\Users\nicol\.m2\repository\org\apache\maven\maven-api-meta\4.0.0-alpha-5\maven-api-meta-4.0.0-alpha-5.jar;C:\Users\nicol\.m2\repository\org\codehaus\plexus\plexus-cipher\2.0\plexus-cipher-2.0.jar;C:\Users\nicol\.m2\repository\org\codehaus\plexus\plexus-sec-dispatcher\2.0\plexus-sec-dispatcher-2.0.jar;C:\Users\nicol\.m2\repository\org\apache\maven\maven-embedder\3.9.6\maven-embedder-3.9.6.jar;C:\Users\nicol\.m2\repository\org\apache\maven\maven-core\3.9.6\maven-core-3.9.6.jar;C:\Users\nicol\.m2\repository\org\codehaus\plexus\plexus-component-annotations\2.1.0\plexus-component-annotations-2.1.0.jar;C:\Users\nicol\.m2\repository\org\apache\maven\maven-plugin-api\3.9.6\maven-plugin-api-3.9.6.jar;C:\Users\nicol\.m2\repository\org\apache\maven\shared\maven-shared-utils\3.3.4\maven-shared-utils-3.3.4.jar;C:\Users\nicol\.m2\repository\com\google\inject\guice\5.1.0\guice-5.1.0.jar;C:\Users\nicol\.m2\repository\aopalliance\aopalliance\1.0\aopalliance-1.0.jar;C:\Users\nicol\.m2\repository\com\google\guava\guava\33.1.0-jre\guava-33.1.0-jre.jar;C:\Users\nicol\.m2\repository\com\google\guava\failureaccess\1.0.1\failureaccess-1.0.1.jar;C:\Users\nicol\.m2\repository\javax\annotation\javax.annotation-api\1.3.2\javax.annotation-api-1.3.2.jar;C:\Users\nicol\.m2\repository\org\codehaus\plexus\plexus-classworlds\2.6.0\plexus-classworlds-2.6.0.jar;C:\Users\nicol\.m2\repository\commons-cli\commons-cli\1.5.0\commons-cli-1.5.0.jar;C:\Users\nicol\.m2\repository\org\eclipse\sisu\org.eclipse.sisu.plexus\0.9.0.M2\org.eclipse.sisu.plexus-0.9.0.M2.jar;C:\Users\nicol\.m2\repository\org\apache\maven\maven-settings-builder\3.9.6\maven-settings-builder-3.9.6.jar;C:\Users\nicol\.m2\repository\org\apache\maven\maven-resolver-provider\3.9.6\maven-resolver-provider-3.9.6.jar;C:\Users\nicol\.m2\repository\org\apache\maven\resolver\maven-resolver-connector-basic\1.9.18\maven-resolver-connector-basic-1.9.18.jar;C:\Users\nicol\.m2\repository\org\apache\maven\resolver\maven-resolver-transport-wagon\1.9.18\maven-resolver-transport-wagon-1.9.18.jar;C:\Users\nicol\.m2\repository\org\apache\maven\wagon\wagon-http\3.5.3\wagon-http-3.5.3.jar;C:\Users\nicol\.m2\repository\org\apache\maven\wagon\wagon-file\3.5.3\wagon-file-3.5.3.jar;C:\Users\nicol\.m2\repository\io\quarkus\quarkus-bootstrap-gradle-resolver\3.10.0\quarkus-bootstrap-gradle-resolver-3.10.0.jar;C:\Users\nicol\.m2\repository\commons-io\commons-io\2.16.0\commons-io-2.16.0.jar;C:\Users\nicol\.m2\repository\io\quarkus\quarkus-junit5-properties\3.10.0\quarkus-junit5-properties-3.10.0.jar;C:\Users\nicol\.m2\repository\org\junit\jupiter\junit-jupiter\5.10.2\junit-jupiter-5.10.2.jar;C:\Users\nicol\.m2\repository\org\junit\jupiter\junit-jupiter-api\5.10.2\junit-jupiter-api-5.10.2.jar;C:\Users\nicol\.m2\repository\org\opentest4j\opentest4j\1.3.0\opentest4j-1.3.0.jar;C:\Users\nicol\.m2\repository\org\junit\platform\junit-platform-commons\1.10.2\junit-platform-commons-1.10.2.jar;C:\Users\nicol\.m2\repository\org\apiguardian\apiguardian-api\1.1.2\apiguardian-api-1.1.2.jar;C:\Users\nicol\.m2\repository\org\junit\jupiter\junit-jupiter-params\5.10.2\junit-jupiter-params-5.10.2.jar;C:\Users\nicol\.m2\repository\org\junit\jupiter\junit-jupiter-engine\5.10.2\junit-jupiter-engine-5.10.2.jar;C:\Users\nicol\.m2\repository\org\junit\platform\junit-platform-engine\1.10.2\junit-platform-engine-1.10.2.jar;C:\Users\nicol\.m2\repository\com\thoughtworks\xstream\xstream\1.4.20\xstream-1.4.20.jar;C:\Users\nicol\.m2\repository\io\github\x-stream\mxparser\1.2.2\mxparser-1.2.2.jar;C:\Users\nicol\.m2\repository\xmlpull\xmlpull\1.1.3.1\xmlpull-1.1.3.1.jar;C:\Users\nicol\.m2\repository\io\rest-assured\rest-assured\5.4.0\rest-assured-5.4.0.jar;C:\Users\nicol\.m2\repository\org\apache\groovy\groovy\4.0.16\groovy-4.0.16.jar;C:\Users\nicol\.m2\repository\org\apache\groovy\groovy-xml\4.0.16\groovy-xml-4.0.16.jar;C:\Users\nicol\.m2\repository\org\apache\httpcomponents\httpclient\4.5.14\httpclient-4.5.14.jar;C:\Users\nicol\.m2\repository\org\apache\httpcomponents\httpcore\4.4.16\httpcore-4.4.16.jar;C:\Users\nicol\.m2\repository\commons-codec\commons-codec\1.16.1\commons-codec-1.16.1.jar;C:\Users\nicol\.m2\repository\org\apache\httpcomponents\httpmime\4.5.14\httpmime-4.5.14.jar;C:\Users\nicol\.m2\repository\org\hamcrest\hamcrest\2.2\hamcrest-2.2.jar;C:\Users\nicol\.m2\repository\org\ccil\cowan\tagsoup\tagsoup\1.2.1\tagsoup-1.2.1.jar;C:\Users\nicol\.m2\repository\io\rest-assured\json-path\5.4.0\json-path-5.4.0.jar;C:\Users\nicol\.m2\repository\org\apache\groovy\groovy-json\4.0.16\groovy-json-4.0.16.jar;C:\Users\nicol\.m2\repository\io\rest-assured\rest-assured-common\5.4.0\rest-assured-common-5.4.0.jar;C:\Users\nicol\.m2\repository\io\rest-assured\xml-path\5.4.0\xml-path-5.4.0.jar;C:\Users\nicol\.m2\repository\org\apache\commons\commons-lang3\3.14.0\commons-lang3-3.14.0.jar;C:\Users\nicol\.m2\repository\io\quarkus\quarkus-junit5-mockito\3.10.0\quarkus-junit5-mockito-3.10.0.jar;C:\Users\nicol\.m2\repository\org\mockito\mockito-junit-jupiter\5.11.0\mockito-junit-jupiter-5.11.0.jar;C:\Users\nicol\.m2\repository\org\mockito\mockito-core\5.11.0\mockito-core-5.11.0.jar;C:\Users\nicol\.m2\repository\net\bytebuddy\byte-buddy-agent\1.14.12\byte-buddy-agent-1.14.12.jar;C:\Users\nicol\.m2\repository\org\objenesis\objenesis\3.3\objenesis-3.3.jar;C:\Users\nicol\.m2\repository\io\quarkus\quarkus-junit5-mockito-config\3.10.0\quarkus-junit5-mockito-config-3.10.0.jar;C:\Users\nicol\.m2\repository\io\quarkus\quarkus-arc-deployment\3.10.0\quarkus-arc-deployment-3.10.0.jar;C:\Users\nicol\.m2\repository\io\quarkus\quarkus-smallrye-context-propagation-spi\3.10.0\quarkus-smallrye-context-propagation-spi-3.10.0.jar;C:\Users\nicol\.m2\repository\io\quarkus\quarkus-vertx-http-dev-ui-spi\3.10.0\quarkus-vertx-http-dev-ui-spi-3.10.0.jar;C:\Users\nicol\.m2\repository\io\quarkus\arc\arc-processor\3.10.0\arc-processor-3.10.0.jar;C:\Users\nicol\.m2\repository\io\quarkus\quarkus-arc-test-supplement\3.10.0\quarkus-arc-test-supplement-3.10.0.jar;C:\Users\nicol\.m2\repository\org\mockito\mockito-subclass\5.11.0\mockito-subclass-5.11.0.jar;C:\Users\nicol\.m2\repository\io\quarkus\quarkus-mutiny\3.10.0\quarkus-mutiny-3.10.0.jar;C:\Users\nicol\.m2\repository\io\quarkus\quarkus-smallrye-context-propagation\3.10.0\quarkus-smallrye-context-propagation-3.10.0.jar;C:\Users\nicol\.m2\repository\io\smallrye\smallrye-context-propagation\2.1.0\smallrye-context-propagation-2.1.0.jar;C:\Users\nicol\.m2\repository\io\smallrye\smallrye-context-propagation-api\2.1.0\smallrye-context-propagation-api-2.1.0.jar;C:\Users\nicol\.m2\repository\io\smallrye\smallrye-context-propagation-storage\2.1.0\smallrye-context-propagation-storage-2.1.0.jar;C:\Users\nicol\.m2\repository\io\smallrye\reactive\mutiny-smallrye-context-propagation\2.6.0\mutiny-smallrye-context-propagation-2.6.0.jar;C:\Users\nicol\.m2\repository\io\quarkus\resteasy\reactive\resteasy-reactive-common\3.10.0\resteasy-reactive-common-3.10.0.jar;C:\Users\nicol\.m2\repository\io\quarkus\resteasy\reactive\resteasy-reactive-common-types\3.10.0\resteasy-reactive-common-types-3.10.0.jar;C:\Users\nicol\.m2\repository\io\smallrye\reactive\mutiny\2.6.0\mutiny-2.6.0.jar;C:\Users\nicol\.m2\repository\org\jctools\jctools-core\4.0.3\jctools-core-4.0.3.jar;C:\Users\nicol\.m2\repository\org\reactivestreams\reactive-streams\1.0.4\reactive-streams-1.0.4.jar;C:\Users\nicol\.m2\repository\io\smallrye\reactive\mutiny-zero-flow-adapters\1.1.0\mutiny-zero-flow-adapters-1.1.0.jar;C:\Users\nicol\.m2\repository\io\smallrye\common\smallrye-common-annotation\2.3.0\smallrye-common-annotation-2.3.0.jar;C:\Users\nicol\.m2\repository\org\eclipse\parsson\parsson\1.1.5\parsson-1.1.5.jar;C:\Users\nicol\.m2\repository\jakarta\json\jakarta.json-api\2.1.3\jakarta.json-api-2.1.3.jar;C:\Users\nicol\.m2\repository\jakarta\enterprise\jakarta.enterprise.cdi-api\4.0.1\jakarta.enterprise.cdi-api-4.0.1.jar;C:\Users\nicol\.m2\repository\jakarta\enterprise\jakarta.enterprise.lang-model\4.0.1\jakarta.enterprise.lang-model-4.0.1.jar;C:\Users\nicol\.m2\repository\jakarta\el\jakarta.el-api\5.0.1\jakarta.el-api-5.0.1.jar;C:\Users\nicol\.m2\repository\jakarta\interceptor\jakarta.interceptor-api\2.1.0\jakarta.interceptor-api-2.1.0.jar;C:\Users\nicol\.m2\repository\jakarta\ws\rs\jakarta.ws.rs-api\3.1.0\jakarta.ws.rs-api-3.1.0.jar;C:\Users\nicol\.m2\repository\jakarta\annotation\jakarta.annotation-api\2.1.1\jakarta.annotation-api-2.1.1.jar;C:\Users\nicol\.m2\repository\org\jboss\logging\jboss-logging\3.5.3.Final\jboss-logging-3.5.3.Final.jar;"/>
    <property name="java.vm.vendor" value="Oracle Corporation"/>
    <property name="sun.arch.data.model" value="64"/>
    <property name="user.variant" value=""/>
    <property name="java.vendor.url" value="https://java.oracle.com/"/>
    <property name="user.timezone" value="America/Sao_Paulo"/>
    <property name="user.country.format" value="US"/>
    <property name="logging.initial-configurator.min-level" value="500"/>
    <property name="java.vm.specification.version" value="21"/>
    <property name="os.name" value="Windows 11"/>
    <property name="sun.java.launcher" value="SUN_STANDARD"/>
    <property name="user.country" value="BR"/>
    <property name="groovy.use.classvalue" value="false"/>
    <property name="mp.openapi.extensions.smallrye.defaultProduces" value="application/json"/>
    <property name="sun.boot.library.path" value="C:\Program Files\Java\jdk-21\bin"/>
    <property name="sun.java.command" value="C:\Users\nicol\AppData\Local\Temp\surefire17908247149169597873\surefirebooter-20250703145421518_3.jar C:\Users\nicol\AppData\Local\Temp\surefire17908247149169597873 2025-07-03T14-54-21_384-jvmRun1 surefire-20250703145421518_1tmp surefire_0-20250703145421518_2tmp"/>
    <property name="jdk.debug" value="release"/>
    <property name="surefire.test.class.path" value="C:\Users\nicol\Documents\NetBeansProjects\api-mercado-livre\target\test-classes;C:\Users\nicol\Documents\NetBeansProjects\api-mercado-livre\target\classes;C:\Users\nicol\.m2\repository\io\quarkus\quarkus-rest\3.10.0\quarkus-rest-3.10.0.jar;C:\Users\nicol\.m2\repository\io\quarkus\quarkus-rest-common\3.10.0\quarkus-rest-common-3.10.0.jar;C:\Users\nicol\.m2\repository\io\quarkus\quarkus-vertx\3.10.0\quarkus-vertx-3.10.0.jar;C:\Users\nicol\.m2\repository\io\quarkus\quarkus-netty\3.10.0\quarkus-netty-3.10.0.jar;C:\Users\nicol\.m2\repository\io\netty\netty-codec\4.1.108.Final\netty-codec-4.1.108.Final.jar;C:\Users\nicol\.m2\repository\com\aayushatharva\brotli4j\brotli4j\1.16.0\brotli4j-1.16.0.jar;C:\Users\nicol\.m2\repository\com\aayushatharva\brotli4j\service\1.16.0\service-1.16.0.jar;C:\Users\nicol\.m2\repository\com\aayushatharva\brotli4j\native-windows-x86_64\1.16.0\native-windows-x86_64-1.16.0.jar;C:\Users\nicol\.m2\repository\io\netty\netty-codec-haproxy\4.1.108.Final\netty-codec-haproxy-4.1.108.Final.jar;C:\Users\nicol\.m2\repository\io\quarkus\quarkus-vertx-latebound-mdc-provider\3.10.0\quarkus-vertx-latebound-mdc-provider-3.10.0.jar;C:\Users\nicol\.m2\repository\io\smallrye\smallrye-fault-tolerance-vertx\6.3.0\smallrye-fault-tolerance-vertx-6.3.0.jar;C:\Users\nicol\.m2\repository\io\quarkus\resteasy\reactive\resteasy-reactive-vertx\3.10.0\resteasy-reactive-vertx-3.10.0.jar;C:\Users\nicol\.m2\repository\io\vertx\vertx-web\4.5.7\vertx-web-4.5.7.jar;C:\Users\nicol\.m2\repository\io\vertx\vertx-web-common\4.5.7\vertx-web-common-4.5.7.jar;C:\Users\nicol\.m2\repository\io\vertx\vertx-auth-common\4.5.7\vertx-auth-common-4.5.7.jar;C:\Users\nicol\.m2\repository\io\vertx\vertx-bridge-common\4.5.7\vertx-bridge-common-4.5.7.jar;C:\Users\nicol\.m2\repository\io\smallrye\reactive\smallrye-mutiny-vertx-core\3.12.0\smallrye-mutiny-vertx-core-3.12.0.jar;C:\Users\nicol\.m2\repository\io\smallrye\reactive\smallrye-mutiny-vertx-runtime\3.12.0\smallrye-mutiny-vertx-runtime-3.12.0.jar;C:\Users\nicol\.m2\repository\io\smallrye\reactive\vertx-mutiny-generator\3.12.0\vertx-mutiny-generator-3.12.0.jar;C:\Users\nicol\.m2\repository\io\vertx\vertx-codegen\4.5.7\vertx-codegen-4.5.7.jar;C:\Users\nicol\.m2\repository\io\quarkus\resteasy\reactive\resteasy-reactive\3.10.0\resteasy-reactive-3.10.0.jar;C:\Users\nicol\.m2\repository\org\jboss\logging\commons-logging-jboss-logging\1.0.0.Final\commons-logging-jboss-logging-1.0.0.Final.jar;C:\Users\nicol\.m2\repository\jakarta\xml\bind\jakarta.xml.bind-api\4.0.2\jakarta.xml.bind-api-4.0.2.jar;C:\Users\nicol\.m2\repository\jakarta\activation\jakarta.activation-api\2.1.3\jakarta.activation-api-2.1.3.jar;C:\Users\nicol\.m2\repository\io\quarkus\quarkus-vertx-http\3.10.0\quarkus-vertx-http-3.10.0.jar;C:\Users\nicol\.m2\repository\io\quarkus\quarkus-security-runtime-spi\3.10.0\quarkus-security-runtime-spi-3.10.0.jar;C:\Users\nicol\.m2\repository\io\quarkus\quarkus-credentials\3.10.0\quarkus-credentials-3.10.0.jar;C:\Users\nicol\.m2\repository\io\smallrye\common\smallrye-common-vertx-context\2.3.0\smallrye-common-vertx-context-2.3.0.jar;C:\Users\nicol\.m2\repository\io\smallrye\common\smallrye-common-constraint\2.3.0\smallrye-common-constraint-2.3.0.jar;C:\Users\nicol\.m2\repository\io\quarkus\security\quarkus-security\2.0.3.Final\quarkus-security-2.0.3.Final.jar;C:\Users\nicol\.m2\repository\io\smallrye\reactive\smallrye-mutiny-vertx-web\3.12.0\smallrye-mutiny-vertx-web-3.12.0.jar;C:\Users\nicol\.m2\repository\io\smallrye\reactive\smallrye-mutiny-vertx-web-common\3.12.0\smallrye-mutiny-vertx-web-common-3.12.0.jar;C:\Users\nicol\.m2\repository\io\smallrye\reactive\smallrye-mutiny-vertx-auth-common\3.12.0\smallrye-mutiny-vertx-auth-common-3.12.0.jar;C:\Users\nicol\.m2\repository\io\smallrye\reactive\smallrye-mutiny-vertx-bridge-common\3.12.0\smallrye-mutiny-vertx-bridge-common-3.12.0.jar;C:\Users\nicol\.m2\repository\io\smallrye\reactive\smallrye-mutiny-vertx-uri-template\3.12.0\smallrye-mutiny-vertx-uri-template-3.12.0.jar;C:\Users\nicol\.m2\repository\io\vertx\vertx-uri-template\4.5.7\vertx-uri-template-4.5.7.jar;C:\Users\nicol\.m2\repository\io\github\crac\org-crac\0.1.3\org-crac-0.1.3.jar;C:\Users\nicol\.m2\repository\io\quarkus\quarkus-jsonp\3.10.0\quarkus-jsonp-3.10.0.jar;C:\Users\nicol\.m2\repository\io\quarkus\quarkus-virtual-threads\3.10.0\quarkus-virtual-threads-3.10.0.jar;C:\Users\nicol\.m2\repository\io\vertx\vertx-core\4.5.7\vertx-core-4.5.7.jar;C:\Users\nicol\.m2\repository\io\netty\netty-common\4.1.108.Final\netty-common-4.1.108.Final.jar;C:\Users\nicol\.m2\repository\io\netty\netty-buffer\4.1.108.Final\netty-buffer-4.1.108.Final.jar;C:\Users\nicol\.m2\repository\io\netty\netty-transport\4.1.108.Final\netty-transport-4.1.108.Final.jar;C:\Users\nicol\.m2\repository\io\netty\netty-handler\4.1.108.Final\netty-handler-4.1.108.Final.jar;C:\Users\nicol\.m2\repository\io\netty\netty-transport-native-unix-common\4.1.108.Final\netty-transport-native-unix-common-4.1.108.Final.jar;C:\Users\nicol\.m2\repository\io\netty\netty-handler-proxy\4.1.108.Final\netty-handler-proxy-4.1.108.Final.jar;C:\Users\nicol\.m2\repository\io\netty\netty-codec-socks\4.1.108.Final\netty-codec-socks-4.1.108.Final.jar;C:\Users\nicol\.m2\repository\io\netty\netty-codec-http\4.1.108.Final\netty-codec-http-4.1.108.Final.jar;C:\Users\nicol\.m2\repository\io\netty\netty-codec-http2\4.1.108.Final\netty-codec-http2-4.1.108.Final.jar;C:\Users\nicol\.m2\repository\io\netty\netty-resolver\4.1.108.Final\netty-resolver-4.1.108.Final.jar;C:\Users\nicol\.m2\repository\io\netty\netty-resolver-dns\4.1.108.Final\netty-resolver-dns-4.1.108.Final.jar;C:\Users\nicol\.m2\repository\io\netty\netty-codec-dns\4.1.108.Final\netty-codec-dns-4.1.108.Final.jar;C:\Users\nicol\.m2\repository\io\quarkus\quarkus-rest-client\3.10.0\quarkus-rest-client-3.10.0.jar;C:\Users\nicol\.m2\repository\io\quarkus\quarkus-rest-client-jaxrs\3.10.0\quarkus-rest-client-jaxrs-3.10.0.jar;C:\Users\nicol\.m2\repository\io\quarkus\resteasy\reactive\resteasy-reactive-client\3.10.0\resteasy-reactive-client-3.10.0.jar;C:\Users\nicol\.m2\repository\io\vertx\vertx-web-client\4.5.7\vertx-web-client-4.5.7.jar;C:\Users\nicol\.m2\repository\io\quarkus\quarkus-smallrye-stork\3.10.0\quarkus-smallrye-stork-3.10.0.jar;C:\Users\nicol\.m2\repository\io\quarkus\quarkus-rest-client-config\3.10.0\quarkus-rest-client-config-3.10.0.jar;C:\Users\nicol\.m2\repository\io\smallrye\jandex\3.1.7\jandex-3.1.7.jar;C:\Users\nicol\.m2\repository\io\smallrye\stork\stork-api\2.6.0\stork-api-2.6.0.jar;C:\Users\nicol\.m2\repository\io\smallrye\stork\stork-core\2.6.0\stork-core-2.6.0.jar;C:\Users\nicol\.m2\repository\org\slf4j\slf4j-api\2.0.6\slf4j-api-2.0.6.jar;C:\Users\nicol\.m2\repository\org\eclipse\microprofile\rest\client\microprofile-rest-client-api\3.0.1\microprofile-rest-client-api-3.0.1.jar;C:\Users\nicol\.m2\repository\io\quarkus\quarkus-rest-jackson\3.10.0\quarkus-rest-jackson-3.10.0.jar;C:\Users\nicol\.m2\repository\io\quarkus\quarkus-rest-jackson-common\3.10.0\quarkus-rest-jackson-common-3.10.0.jar;C:\Users\nicol\.m2\repository\io\quarkus\quarkus-jackson\3.10.0\quarkus-jackson-3.10.0.jar;C:\Users\nicol\.m2\repository\com\fasterxml\jackson\datatype\jackson-datatype-jsr310\2.17.0\jackson-datatype-jsr310-2.17.0.jar;C:\Users\nicol\.m2\repository\com\fasterxml\jackson\datatype\jackson-datatype-jdk8\2.17.0\jackson-datatype-jdk8-2.17.0.jar;C:\Users\nicol\.m2\repository\com\fasterxml\jackson\module\jackson-module-parameter-names\2.17.0\jackson-module-parameter-names-2.17.0.jar;C:\Users\nicol\.m2\repository\io\quarkus\quarkus-rest-client-jackson\3.10.0\quarkus-rest-client-jackson-3.10.0.jar;C:\Users\nicol\.m2\repository\io\quarkus\resteasy\reactive\resteasy-reactive-jackson\3.10.0\resteasy-reactive-jackson-3.10.0.jar;C:\Users\nicol\.m2\repository\com\fasterxml\jackson\core\jackson-databind\2.17.0\jackson-databind-2.17.0.jar;C:\Users\nicol\.m2\repository\com\fasterxml\jackson\core\jackson-annotations\2.17.0\jackson-annotations-2.17.0.jar;C:\Users\nicol\.m2\repository\net\bytebuddy\byte-buddy\1.14.11\byte-buddy-1.14.11.jar;C:\Users\nicol\.m2\repository\io\quarkus\quarkus-smallrye-openapi\3.10.0\quarkus-smallrye-openapi-3.10.0.jar;C:\Users\nicol\.m2\repository\io\smallrye\smallrye-open-api-core\3.10.0\smallrye-open-api-core-3.10.0.jar;C:\Users\nicol\.m2\repository\org\eclipse\microprofile\openapi\microprofile-openapi-api\3.1.1\microprofile-openapi-api-3.1.1.jar;C:\Users\nicol\.m2\repository\org\eclipse\microprofile\config\microprofile-config-api\3.0.3\microprofile-config-api-3.0.3.jar;C:\Users\nicol\.m2\repository\com\fasterxml\jackson\core\jackson-core\2.17.0\jackson-core-2.17.0.jar;C:\Users\nicol\.m2\repository\com\fasterxml\jackson\dataformat\jackson-dataformat-yaml\2.17.0\jackson-dataformat-yaml-2.17.0.jar;C:\Users\nicol\.m2\repository\org\yaml\snakeyaml\2.2\snakeyaml-2.2.jar;C:\Users\nicol\.m2\repository\io\quarkus\quarkus-core\3.10.0\quarkus-core-3.10.0.jar;C:\Users\nicol\.m2\repository\jakarta\inject\jakarta.inject-api\2.0.1\jakarta.inject-api-2.0.1.jar;C:\Users\nicol\.m2\repository\io\smallrye\common\smallrye-common-os\2.3.0\smallrye-common-os-2.3.0.jar;C:\Users\nicol\.m2\repository\io\quarkus\quarkus-ide-launcher\3.10.0\quarkus-ide-launcher-3.10.0.jar;C:\Users\nicol\.m2\repository\io\quarkus\quarkus-development-mode-spi\3.10.0\quarkus-development-mode-spi-3.10.0.jar;C:\Users\nicol\.m2\repository\io\smallrye\config\smallrye-config\3.7.1\smallrye-config-3.7.1.jar;C:\Users\nicol\.m2\repository\io\smallrye\config\smallrye-config-core\3.7.1\smallrye-config-core-3.7.1.jar;C:\Users\nicol\.m2\repository\io\smallrye\common\smallrye-common-classloader\2.3.0\smallrye-common-classloader-2.3.0.jar;C:\Users\nicol\.m2\repository\io\smallrye\config\smallrye-config-common\3.7.1\smallrye-config-common-3.7.1.jar;C:\Users\nicol\.m2\repository\org\jboss\logmanager\jboss-logmanager\3.0.4.Final\jboss-logmanager-3.0.4.Final.jar;C:\Users\nicol\.m2\repository\io\smallrye\common\smallrye-common-cpu\2.3.0\smallrye-common-cpu-2.3.0.jar;C:\Users\nicol\.m2\repository\io\smallrye\common\smallrye-common-expression\2.3.0\smallrye-common-expression-2.3.0.jar;C:\Users\nicol\.m2\repository\io\smallrye\common\smallrye-common-function\2.3.0\smallrye-common-function-2.3.0.jar;C:\Users\nicol\.m2\repository\io\smallrye\common\smallrye-common-net\2.3.0\smallrye-common-net-2.3.0.jar;C:\Users\nicol\.m2\repository\io\smallrye\common\smallrye-common-ref\2.3.0\smallrye-common-ref-2.3.0.jar;C:\Users\nicol\.m2\repository\org\jboss\logging\jboss-logging-annotations\2.2.1.Final\jboss-logging-annotations-2.2.1.Final.jar;C:\Users\nicol\.m2\repository\org\jboss\threads\jboss-threads\3.6.1.Final\jboss-threads-3.6.1.Final.jar;C:\Users\nicol\.m2\repository\org\jboss\slf4j\slf4j-jboss-logmanager\2.0.0.Final\slf4j-jboss-logmanager-2.0.0.Final.jar;C:\Users\nicol\.m2\repository\org\wildfly\common\wildfly-common\1.7.0.Final\wildfly-common-1.7.0.Final.jar;C:\Users\nicol\.m2\repository\io\quarkus\quarkus-bootstrap-runner\3.10.0\quarkus-bootstrap-runner-3.10.0.jar;C:\Users\nicol\.m2\repository\io\quarkus\quarkus-fs-util\0.0.10\quarkus-fs-util-0.0.10.jar;C:\Users\nicol\.m2\repository\io\quarkus\quarkus-arc\3.10.0\quarkus-arc-3.10.0.jar;C:\Users\nicol\.m2\repository\io\quarkus\arc\arc\3.10.0\arc-3.10.0.jar;C:\Users\nicol\.m2\repository\jakarta\transaction\jakarta.transaction-api\2.0.1\jakarta.transaction-api-2.0.1.jar;C:\Users\nicol\.m2\repository\org\eclipse\microprofile\context-propagation\microprofile-context-propagation-api\1.3\microprofile-context-propagation-api-1.3.jar;C:\Users\nicol\.m2\repository\io\quarkus\quarkus-swagger-ui\3.10.0\quarkus-swagger-ui-3.10.0.jar;C:\Users\nicol\.m2\repository\io\quarkus\quarkus-junit5\3.10.0\quarkus-junit5-3.10.0.jar;C:\Users\nicol\.m2\repository\io\quarkus\quarkus-bootstrap-core\3.10.0\quarkus-bootstrap-core-3.10.0.jar;C:\Users\nicol\.m2\repository\io\quarkus\quarkus-bootstrap-app-model\3.10.0\quarkus-bootstrap-app-model-3.10.0.jar;C:\Users\nicol\.m2\repository\io\smallrye\common\smallrye-common-io\2.3.0\smallrye-common-io-2.3.0.jar;C:\Users\nicol\.m2\repository\org\eclipse\sisu\org.eclipse.sisu.inject\0.9.0.M2\org.eclipse.sisu.inject-0.9.0.M2.jar;C:\Users\nicol\.m2\repository\io\quarkus\quarkus-test-common\3.10.0\quarkus-test-common-3.10.0.jar;C:\Users\nicol\.m2\repository\io\quarkus\quarkus-core-deployment\3.10.0\quarkus-core-deployment-3.10.0.jar;C:\Users\nicol\.m2\repository\org\aesh\readline\2.4\readline-2.4.jar;C:\Users\nicol\.m2\repository\org\fusesource\jansi\jansi\2.4.0\jansi-2.4.0.jar;C:\Users\nicol\.m2\repository\org\aesh\aesh\2.7\aesh-2.7.jar;C:\Users\nicol\.m2\repository\io\quarkus\gizmo\gizmo\1.8.0\gizmo-1.8.0.jar;C:\Users\nicol\.m2\repository\org\ow2\asm\asm-util\9.7\asm-util-9.7.jar;C:\Users\nicol\.m2\repository\org\ow2\asm\asm-analysis\9.7\asm-analysis-9.7.jar;C:\Users\nicol\.m2\repository\org\ow2\asm\asm\9.7\asm-9.7.jar;C:\Users\nicol\.m2\repository\org\ow2\asm\asm-commons\9.7\asm-commons-9.7.jar;C:\Users\nicol\.m2\repository\org\ow2\asm\asm-tree\9.7\asm-tree-9.7.jar;C:\Users\nicol\.m2\repository\io\quarkus\quarkus-class-change-agent\3.10.0\quarkus-class-change-agent-3.10.0.jar;C:\Users\nicol\.m2\repository\io\quarkus\quarkus-devtools-utilities\3.10.0\quarkus-devtools-utilities-3.10.0.jar;C:\Users\nicol\.m2\repository\io\quarkus\quarkus-builder\3.10.0\quarkus-builder-3.10.0.jar;C:\Users\nicol\.m2\repository\org\graalvm\sdk\nativeimage\23.1.2\nativeimage-23.1.2.jar;C:\Users\nicol\.m2\repository\org\graalvm\sdk\word\23.1.2\word-23.1.2.jar;C:\Users\nicol\.m2\repository\org\junit\platform\junit-platform-launcher\1.10.2\junit-platform-launcher-1.10.2.jar;C:\Users\nicol\.m2\repository\io\quarkus\quarkus-bootstrap-maven-resolver\3.10.0\quarkus-bootstrap-maven-resolver-3.10.0.jar;C:\Users\nicol\.m2\repository\io\smallrye\beanbag\smallrye-beanbag-maven\1.4.1\smallrye-beanbag-maven-1.4.1.jar;C:\Users\nicol\.m2\repository\io\smallrye\beanbag\smallrye-beanbag-sisu\1.4.1\smallrye-beanbag-sisu-1.4.1.jar;C:\Users\nicol\.m2\repository\io\smallrye\beanbag\smallrye-beanbag\1.4.1\smallrye-beanbag-1.4.1.jar;C:\Users\nicol\.m2\repository\javax\inject\javax.inject\1\javax.inject-1.jar;C:\Users\nicol\.m2\repository\org\apache\maven\maven-artifact\3.9.6\maven-artifact-3.9.6.jar;C:\Users\nicol\.m2\repository\org\apache\maven\maven-builder-support\3.9.6\maven-builder-support-3.9.6.jar;C:\Users\nicol\.m2\repository\org\apache\maven\maven-model\3.9.6\maven-model-3.9.6.jar;C:\Users\nicol\.m2\repository\org\apache\maven\maven-model-builder\3.9.6\maven-model-builder-3.9.6.jar;C:\Users\nicol\.m2\repository\org\apache\maven\maven-repository-metadata\3.9.6\maven-repository-metadata-3.9.6.jar;C:\Users\nicol\.m2\repository\org\apache\maven\maven-settings\3.9.6\maven-settings-3.9.6.jar;C:\Users\nicol\.m2\repository\org\apache\maven\resolver\maven-resolver-api\1.9.18\maven-resolver-api-1.9.18.jar;C:\Users\nicol\.m2\repository\org\apache\maven\resolver\maven-resolver-impl\1.9.18\maven-resolver-impl-1.9.18.jar;C:\Users\nicol\.m2\repository\org\apache\maven\resolver\maven-resolver-named-locks\1.9.18\maven-resolver-named-locks-1.9.18.jar;C:\Users\nicol\.m2\repository\org\apache\maven\resolver\maven-resolver-spi\1.9.18\maven-resolver-spi-1.9.18.jar;C:\Users\nicol\.m2\repository\org\apache\maven\resolver\maven-resolver-util\1.9.18\maven-resolver-util-1.9.18.jar;C:\Users\nicol\.m2\repository\org\apache\maven\resolver\maven-resolver-transport-http\1.9.18\maven-resolver-transport-http-1.9.18.jar;C:\Users\nicol\.m2\repository\org\apache\maven\wagon\wagon-provider-api\3.5.3\wagon-provider-api-3.5.3.jar;C:\Users\nicol\.m2\repository\org\apache\maven\wagon\wagon-http-shared\3.5.3\wagon-http-shared-3.5.3.jar;C:\Users\nicol\.m2\repository\org\codehaus\plexus\plexus-interpolation\1.26\plexus-interpolation-1.26.jar;C:\Users\nicol\.m2\repository\org\codehaus\plexus\plexus-utils\3.5.1\plexus-utils-3.5.1.jar;C:\Users\nicol\.m2\repository\org\codehaus\plexus\plexus-xml\4.0.0\plexus-xml-4.0.0.jar;C:\Users\nicol\.m2\repository\org\apache\maven\maven-xml-impl\4.0.0-alpha-5\maven-xml-impl-4.0.0-alpha-5.jar;C:\Users\nicol\.m2\repository\org\apache\maven\maven-api-xml\4.0.0-alpha-5\maven-api-xml-4.0.0-alpha-5.jar;C:\Users\nicol\.m2\repository\org\apache\maven\maven-api-meta\4.0.0-alpha-5\maven-api-meta-4.0.0-alpha-5.jar;C:\Users\nicol\.m2\repository\org\codehaus\plexus\plexus-cipher\2.0\plexus-cipher-2.0.jar;C:\Users\nicol\.m2\repository\org\codehaus\plexus\plexus-sec-dispatcher\2.0\plexus-sec-dispatcher-2.0.jar;C:\Users\nicol\.m2\repository\org\apache\maven\maven-embedder\3.9.6\maven-embedder-3.9.6.jar;C:\Users\nicol\.m2\repository\org\apache\maven\maven-core\3.9.6\maven-core-3.9.6.jar;C:\Users\nicol\.m2\repository\org\codehaus\plexus\plexus-component-annotations\2.1.0\plexus-component-annotations-2.1.0.jar;C:\Users\nicol\.m2\repository\org\apache\maven\maven-plugin-api\3.9.6\maven-plugin-api-3.9.6.jar;C:\Users\nicol\.m2\repository\org\apache\maven\shared\maven-shared-utils\3.3.4\maven-shared-utils-3.3.4.jar;C:\Users\nicol\.m2\repository\com\google\inject\guice\5.1.0\guice-5.1.0.jar;C:\Users\nicol\.m2\repository\aopalliance\aopalliance\1.0\aopalliance-1.0.jar;C:\Users\nicol\.m2\repository\com\google\guava\guava\33.1.0-jre\guava-33.1.0-jre.jar;C:\Users\nicol\.m2\repository\com\google\guava\failureaccess\1.0.1\failureaccess-1.0.1.jar;C:\Users\nicol\.m2\repository\javax\annotation\javax.annotation-api\1.3.2\javax.annotation-api-1.3.2.jar;C:\Users\nicol\.m2\repository\org\codehaus\plexus\plexus-classworlds\2.6.0\plexus-classworlds-2.6.0.jar;C:\Users\nicol\.m2\repository\commons-cli\commons-cli\1.5.0\commons-cli-1.5.0.jar;C:\Users\nicol\.m2\repository\org\eclipse\sisu\org.eclipse.sisu.plexus\0.9.0.M2\org.eclipse.sisu.plexus-0.9.0.M2.jar;C:\Users\nicol\.m2\repository\org\apache\maven\maven-settings-builder\3.9.6\maven-settings-builder-3.9.6.jar;C:\Users\nicol\.m2\repository\org\apache\maven\maven-resolver-provider\3.9.6\maven-resolver-provider-3.9.6.jar;C:\Users\nicol\.m2\repository\org\apache\maven\resolver\maven-resolver-connector-basic\1.9.18\maven-resolver-connector-basic-1.9.18.jar;C:\Users\nicol\.m2\repository\org\apache\maven\resolver\maven-resolver-transport-wagon\1.9.18\maven-resolver-transport-wagon-1.9.18.jar;C:\Users\nicol\.m2\repository\org\apache\maven\wagon\wagon-http\3.5.3\wagon-http-3.5.3.jar;C:\Users\nicol\.m2\repository\org\apache\maven\wagon\wagon-file\3.5.3\wagon-file-3.5.3.jar;C:\Users\nicol\.m2\repository\io\quarkus\quarkus-bootstrap-gradle-resolver\3.10.0\quarkus-bootstrap-gradle-resolver-3.10.0.jar;C:\Users\nicol\.m2\repository\commons-io\commons-io\2.16.0\commons-io-2.16.0.jar;C:\Users\nicol\.m2\repository\io\quarkus\quarkus-junit5-properties\3.10.0\quarkus-junit5-properties-3.10.0.jar;C:\Users\nicol\.m2\repository\org\junit\jupiter\junit-jupiter\5.10.2\junit-jupiter-5.10.2.jar;C:\Users\nicol\.m2\repository\org\junit\jupiter\junit-jupiter-api\5.10.2\junit-jupiter-api-5.10.2.jar;C:\Users\nicol\.m2\repository\org\opentest4j\opentest4j\1.3.0\opentest4j-1.3.0.jar;C:\Users\nicol\.m2\repository\org\junit\platform\junit-platform-commons\1.10.2\junit-platform-commons-1.10.2.jar;C:\Users\nicol\.m2\repository\org\apiguardian\apiguardian-api\1.1.2\apiguardian-api-1.1.2.jar;C:\Users\nicol\.m2\repository\org\junit\jupiter\junit-jupiter-params\5.10.2\junit-jupiter-params-5.10.2.jar;C:\Users\nicol\.m2\repository\org\junit\jupiter\junit-jupiter-engine\5.10.2\junit-jupiter-engine-5.10.2.jar;C:\Users\nicol\.m2\repository\org\junit\platform\junit-platform-engine\1.10.2\junit-platform-engine-1.10.2.jar;C:\Users\nicol\.m2\repository\com\thoughtworks\xstream\xstream\1.4.20\xstream-1.4.20.jar;C:\Users\nicol\.m2\repository\io\github\x-stream\mxparser\1.2.2\mxparser-1.2.2.jar;C:\Users\nicol\.m2\repository\xmlpull\xmlpull\1.1.3.1\xmlpull-1.1.3.1.jar;C:\Users\nicol\.m2\repository\io\rest-assured\rest-assured\5.4.0\rest-assured-5.4.0.jar;C:\Users\nicol\.m2\repository\org\apache\groovy\groovy\4.0.16\groovy-4.0.16.jar;C:\Users\nicol\.m2\repository\org\apache\groovy\groovy-xml\4.0.16\groovy-xml-4.0.16.jar;C:\Users\nicol\.m2\repository\org\apache\httpcomponents\httpclient\4.5.14\httpclient-4.5.14.jar;C:\Users\nicol\.m2\repository\org\apache\httpcomponents\httpcore\4.4.16\httpcore-4.4.16.jar;C:\Users\nicol\.m2\repository\commons-codec\commons-codec\1.16.1\commons-codec-1.16.1.jar;C:\Users\nicol\.m2\repository\org\apache\httpcomponents\httpmime\4.5.14\httpmime-4.5.14.jar;C:\Users\nicol\.m2\repository\org\hamcrest\hamcrest\2.2\hamcrest-2.2.jar;C:\Users\nicol\.m2\repository\org\ccil\cowan\tagsoup\tagsoup\1.2.1\tagsoup-1.2.1.jar;C:\Users\nicol\.m2\repository\io\rest-assured\json-path\5.4.0\json-path-5.4.0.jar;C:\Users\nicol\.m2\repository\org\apache\groovy\groovy-json\4.0.16\groovy-json-4.0.16.jar;C:\Users\nicol\.m2\repository\io\rest-assured\rest-assured-common\5.4.0\rest-assured-common-5.4.0.jar;C:\Users\nicol\.m2\repository\io\rest-assured\xml-path\5.4.0\xml-path-5.4.0.jar;C:\Users\nicol\.m2\repository\org\apache\commons\commons-lang3\3.14.0\commons-lang3-3.14.0.jar;C:\Users\nicol\.m2\repository\io\quarkus\quarkus-junit5-mockito\3.10.0\quarkus-junit5-mockito-3.10.0.jar;C:\Users\nicol\.m2\repository\org\mockito\mockito-junit-jupiter\5.11.0\mockito-junit-jupiter-5.11.0.jar;C:\Users\nicol\.m2\repository\org\mockito\mockito-core\5.11.0\mockito-core-5.11.0.jar;C:\Users\nicol\.m2\repository\net\bytebuddy\byte-buddy-agent\1.14.12\byte-buddy-agent-1.14.12.jar;C:\Users\nicol\.m2\repository\org\objenesis\objenesis\3.3\objenesis-3.3.jar;C:\Users\nicol\.m2\repository\io\quarkus\quarkus-junit5-mockito-config\3.10.0\quarkus-junit5-mockito-config-3.10.0.jar;C:\Users\nicol\.m2\repository\io\quarkus\quarkus-arc-deployment\3.10.0\quarkus-arc-deployment-3.10.0.jar;C:\Users\nicol\.m2\repository\io\quarkus\quarkus-smallrye-context-propagation-spi\3.10.0\quarkus-smallrye-context-propagation-spi-3.10.0.jar;C:\Users\nicol\.m2\repository\io\quarkus\quarkus-vertx-http-dev-ui-spi\3.10.0\quarkus-vertx-http-dev-ui-spi-3.10.0.jar;C:\Users\nicol\.m2\repository\io\quarkus\arc\arc-processor\3.10.0\arc-processor-3.10.0.jar;C:\Users\nicol\.m2\repository\io\quarkus\quarkus-arc-test-supplement\3.10.0\quarkus-arc-test-supplement-3.10.0.jar;C:\Users\nicol\.m2\repository\org\mockito\mockito-subclass\5.11.0\mockito-subclass-5.11.0.jar;C:\Users\nicol\.m2\repository\io\quarkus\quarkus-mutiny\3.10.0\quarkus-mutiny-3.10.0.jar;C:\Users\nicol\.m2\repository\io\quarkus\quarkus-smallrye-context-propagation\3.10.0\quarkus-smallrye-context-propagation-3.10.0.jar;C:\Users\nicol\.m2\repository\io\smallrye\smallrye-context-propagation\2.1.0\smallrye-context-propagation-2.1.0.jar;C:\Users\nicol\.m2\repository\io\smallrye\smallrye-context-propagation-api\2.1.0\smallrye-context-propagation-api-2.1.0.jar;C:\Users\nicol\.m2\repository\io\smallrye\smallrye-context-propagation-storage\2.1.0\smallrye-context-propagation-storage-2.1.0.jar;C:\Users\nicol\.m2\repository\io\smallrye\reactive\mutiny-smallrye-context-propagation\2.6.0\mutiny-smallrye-context-propagation-2.6.0.jar;C:\Users\nicol\.m2\repository\io\quarkus\resteasy\reactive\resteasy-reactive-common\3.10.0\resteasy-reactive-common-3.10.0.jar;C:\Users\nicol\.m2\repository\io\quarkus\resteasy\reactive\resteasy-reactive-common-types\3.10.0\resteasy-reactive-common-types-3.10.0.jar;C:\Users\nicol\.m2\repository\io\smallrye\reactive\mutiny\2.6.0\mutiny-2.6.0.jar;C:\Users\nicol\.m2\repository\org\jctools\jctools-core\4.0.3\jctools-core-4.0.3.jar;C:\Users\nicol\.m2\repository\org\reactivestreams\reactive-streams\1.0.4\reactive-streams-1.0.4.jar;C:\Users\nicol\.m2\repository\io\smallrye\reactive\mutiny-zero-flow-adapters\1.1.0\mutiny-zero-flow-adapters-1.1.0.jar;C:\Users\nicol\.m2\repository\io\smallrye\common\smallrye-common-annotation\2.3.0\smallrye-common-annotation-2.3.0.jar;C:\Users\nicol\.m2\repository\org\eclipse\parsson\parsson\1.1.5\parsson-1.1.5.jar;C:\Users\nicol\.m2\repository\jakarta\json\jakarta.json-api\2.1.3\jakarta.json-api-2.1.3.jar;C:\Users\nicol\.m2\repository\jakarta\enterprise\jakarta.enterprise.cdi-api\4.0.1\jakarta.enterprise.cdi-api-4.0.1.jar;C:\Users\nicol\.m2\repository\jakarta\enterprise\jakarta.enterprise.lang-model\4.0.1\jakarta.enterprise.lang-model-4.0.1.jar;C:\Users\nicol\.m2\repository\jakarta\el\jakarta.el-api\5.0.1\jakarta.el-api-5.0.1.jar;C:\Users\nicol\.m2\repository\jakarta\interceptor\jakarta.interceptor-api\2.1.0\jakarta.interceptor-api-2.1.0.jar;C:\Users\nicol\.m2\repository\jakarta\ws\rs\jakarta.ws.rs-api\3.1.0\jakarta.ws.rs-api-3.1.0.jar;C:\Users\nicol\.m2\repository\jakarta\annotation\jakarta.annotation-api\2.1.1\jakarta.annotation-api-2.1.1.jar;C:\Users\nicol\.m2\repository\org\jboss\logging\jboss-logging\3.5.3.Final\jboss-logging-3.5.3.Final.jar;"/>
    <property name="sun.cpu.endian" value="little"/>
    <property name="vertx.disableWebsockets" value="true"/>
    <property name="user.home" value="C:\Users\nicol"/>
    <property name="user.language" value="pt"/>
    <property name="jboss.log-version" value="false"/>
    <property name="mp.openapi.extensions.smallrye.defaultPrimitivesConsumes" value="text/plain"/>
    <property name="java.specification.vendor" value="Oracle Corporation"/>
    <property name="io.netty.allocator.maxOrder" value="3"/>
    <property name="java.version.date" value="2025-04-15"/>
    <property name="java.home" value="C:\Program Files\Java\jdk-21"/>
    <property name="file.separator" value="\"/>
    <property name="basedir" value="C:\Users\nicol\Documents\NetBeansProjects\api-mercado-livre"/>
    <property name="java.vm.compressedOopsMode" value="Zero based"/>
    <property name="line.separator" value="&#10;"/>
    <property name="java.vm.specification.vendor" value="Oracle Corporation"/>
    <property name="java.specification.name" value="Java Platform API Specification"/>
    <property name="surefire.real.class.path" value="C:\Users\nicol\AppData\Local\Temp\surefire17908247149169597873\surefirebooter-20250703145421518_3.jar"/>
    <property name="mp.openapi.extensions.smallrye.defaultStreamingConsumes" value="application/octet-stream"/>
    <property name="user.script" value=""/>
    <property name="sun.management.compiler" value="HotSpot 64-Bit Tiered Compilers"/>
    <property name="mp.openapi.extensions.smallrye.defaultPrimitivesProduces" value="text/plain"/>
    <property name="java.runtime.version" value="21.0.7+8-LTS-245"/>
    <property name="user.name" value="nicol"/>
    <property name="stdout.encoding" value="Cp1252"/>
    <property name="path.separator" value=";"/>
    <property name="os.version" value="10.0"/>
    <property name="java.runtime.name" value="Java(TM) SE Runtime Environment"/>
    <property name="file.encoding" value="UTF-8"/>
    <property name="java.vm.name" value="Java HotSpot(TM) 64-Bit Server VM"/>
    <property name="maven.ext.class.path" value="C:\Program Files\NetBeans-25\netbeans\java\maven-nblib\netbeans-eventspy.jar"/>
    <property name="localRepository" value="C:\Users\nicol\.m2\repository"/>
    <property name="java.vendor.url.bug" value="https://bugreport.java.com/bugreport/"/>
    <property name="java.io.tmpdir" value="C:\Users\nicol\AppData\Local\Temp\"/>
    <property name="quarkus.log.file.path" value="target\quarkus.log"/>
    <property name="java.version" value="21.0.7"/>
    <property name="mp.openapi.extensions.smallrye.defaultStreamingProduces" value="application/octet-stream"/>
    <property name="java.util.concurrent.ForkJoinPool.common.threadFactory" value="io.quarkus.bootstrap.forkjoin.QuarkusForkJoinWorkerThreadFactory"/>
    <property name="user.dir" value="C:\Users\nicol\Documents\NetBeansProjects\api-mercado-livre"/>
    <property name="os.arch" value="amd64"/>
    <property name="java.vm.specification.name" value="Java Virtual Machine Specification"/>
    <property name="vertx.disableDnsResolver" value="true"/>
    <property name="user.language.format" value="en"/>
    <property name="sun.os.patch.level" value=""/>
    <property name="native.encoding" value="Cp1252"/>
    <property name="java.util.logging.manager" value="org.jboss.logmanager.LogManager"/>
    <property name="java.library.path" value="C:\Program Files\Java\jdk-21\bin;C:\WINDOWS\Sun\Java\bin;C:\WINDOWS\system32;C:\WINDOWS;C:\Program Files\Common Files\Oracle\Java\javapath;C:\WINDOWS\system32;C:\WINDOWS;C:\WINDOWS\System32\Wbem;C:\WINDOWS\System32\WindowsPowerShell\v1.0\;C:\WINDOWS\System32\OpenSSH\;C:\Program Files\Git\cmd;C:\Users\nicol\.jbang\bin;C:\Program Files\MySQL\MySQL Shell 8.0\bin\;C:\Users\nicol\AppData\Local\Microsoft\WindowsApps;C:\Users\nicol\AppData\Local\Programs\Microsoft VS Code\bin;C:\Program Files\Apache\Maven\apache-maven-3.9.10\bin;%JAVA_HOME\bin;;C:\Users\nicol\AppData\Local\Microsoft\WindowsApps;."/>
    <property name="java.vm.info" value="mixed mode, sharing"/>
    <property name="stderr.encoding" value="Cp1252"/>
    <property name="java.vendor" value="Oracle Corporation"/>
    <property name="vertx.disableTCCL" value="true"/>
    <property name="java.vm.version" value="21.0.7+8-LTS-245"/>
    <property name="sun.io.unicode.encoding" value="UnicodeLittle"/>
    <property name="io.netty.machineId" value="7a:87:f8:17:c0:03:29:6e"/>
    <property name="java.class.version" value="65.0"/>
    <property name="mp.openapi.extensions.smallrye.defaultConsumes" value="application/json"/>
  </properties>
  <testcase name="testAllNoticesPagination" classname="br.com.mercadoturbo.mercadolivre.resource.NoticesResourceTest" time="1.596">
    <system-err><![CDATA[Jul 03, 2025 2:54:29 PM io.quarkus.rest.client.reactive.deployment.RestClientReactiveProcessor computeDefaultScope
WARN: Unsupported default scope javax.inject.Singleton provided for REST client br.com.mercadoturbo.mercadolivre.client.MercadoLivreAutomaticPricingApi. Defaulting to jakarta.enterprise.context.ApplicationScoped
Jul 03, 2025 2:54:29 PM io.quarkus.rest.client.reactive.deployment.RestClientReactiveProcessor computeDefaultScope
WARN: Unsupported default scope javax.inject.Singleton provided for REST client br.com.mercadoturbo.mercadolivre.client.MercadoLivreNoticesApi. Defaulting to jakarta.enterprise.context.ApplicationScoped
Jul 03, 2025 2:54:29 PM io.quarkus.rest.client.reactive.deployment.RestClientReactiveProcessor computeDefaultScope
WARN: Unsupported default scope javax.inject.Singleton provided for REST client br.com.mercadoturbo.mercadolivre.client.MercadoLivreSaleApi. Defaulting to jakarta.enterprise.context.ApplicationScoped
Jul 03, 2025 2:54:29 PM io.quarkus.rest.client.reactive.deployment.RestClientReactiveProcessor computeDefaultScope
WARN: Unsupported default scope javax.inject.Singleton provided for REST client br.com.mercadoturbo.mercadolivre.client.MercadoLivreItemsVisitsApi. Defaulting to jakarta.enterprise.context.ApplicationScoped
Jul 03, 2025 2:54:29 PM io.quarkus.rest.client.reactive.deployment.RestClientReactiveProcessor computeDefaultScope
WARN: Unsupported default scope javax.inject.Singleton provided for REST client br.com.mercadoturbo.mercadolivre.client.MercadoLivreDomainApi. Defaulting to jakarta.enterprise.context.ApplicationScoped
Jul 03, 2025 2:54:29 PM io.quarkus.rest.client.reactive.deployment.RestClientReactiveProcessor computeDefaultScope
WARN: Unsupported default scope javax.inject.Singleton provided for REST client br.com.mercadoturbo.mercadolivre.client.MercadoLivreMedidasApi. Defaulting to jakarta.enterprise.context.ApplicationScoped
Jul 03, 2025 2:54:29 PM io.quarkus.rest.client.reactive.deployment.RestClientReactiveProcessor computeDefaultScope
WARN: Unsupported default scope javax.inject.Singleton provided for REST client br.com.mercadoturbo.mercadolivre.client.MercadoLivreOrderApi. Defaulting to jakarta.enterprise.context.ApplicationScoped
Jul 03, 2025 2:54:29 PM io.quarkus.rest.client.reactive.deployment.RestClientReactiveProcessor computeDefaultScope
WARN: Unsupported default scope javax.inject.Singleton provided for REST client br.com.mercadoturbo.mercadolivre.client.MercadoLivreMsgAdicionalApi. Defaulting to jakarta.enterprise.context.ApplicationScoped
Jul 03, 2025 2:54:29 PM io.quarkus.rest.client.reactive.deployment.RestClientReactiveProcessor computeDefaultScope
WARN: Unsupported default scope javax.inject.Singleton provided for REST client br.com.mercadoturbo.mercadolivre.client.MercadoLivreFamilyApi. Defaulting to jakarta.enterprise.context.ApplicationScoped
Jul 03, 2025 2:54:29 PM io.quarkus.rest.client.reactive.deployment.RestClientReactiveProcessor computeDefaultScope
WARN: Unsupported default scope javax.inject.Singleton provided for REST client br.com.mercadoturbo.mercadolivre.client.MercadoLivreShipmentApi. Defaulting to jakarta.enterprise.context.ApplicationScoped
Jul 03, 2025 2:54:29 PM io.quarkus.rest.client.reactive.deployment.RestClientReactiveProcessor computeDefaultScope
WARN: Unsupported default scope javax.inject.Singleton provided for REST client br.com.mercadoturbo.mercadolivre.client.MercadoLivreTaxesApi. Defaulting to jakarta.enterprise.context.ApplicationScoped
Jul 03, 2025 2:54:29 PM io.quarkus.rest.client.reactive.deployment.RestClientReactiveProcessor computeDefaultScope
WARN: Unsupported default scope javax.inject.Singleton provided for REST client br.com.mercadoturbo.mercadolivre.client.MercadoLivreBillingInfoApi. Defaulting to jakarta.enterprise.context.ApplicationScoped
Jul 03, 2025 2:54:29 PM io.quarkus.rest.client.reactive.deployment.RestClientReactiveProcessor computeDefaultScope
WARN: Unsupported default scope javax.inject.Singleton provided for REST client br.com.mercadoturbo.mercadolivre.client.MercadoLivreVincularApi. Defaulting to jakarta.enterprise.context.ApplicationScoped
Jul 03, 2025 2:54:29 PM io.quarkus.rest.client.reactive.deployment.RestClientReactiveProcessor computeDefaultScope
WARN: Unsupported default scope javax.inject.Singleton provided for REST client br.com.mercadoturbo.mercadolivre.client.MercadoLivreBrandApi. Defaulting to jakarta.enterprise.context.ApplicationScoped
Jul 03, 2025 2:54:29 PM io.quarkus.rest.client.reactive.deployment.RestClientReactiveProcessor computeDefaultScope
WARN: Unsupported default scope javax.inject.Singleton provided for REST client br.com.mercadoturbo.mercadolivre.client.MercadoLivreDiagnosticoApi. Defaulting to jakarta.enterprise.context.ApplicationScoped
Jul 03, 2025 2:54:29 PM io.quarkus.rest.client.reactive.deployment.RestClientReactiveProcessor computeDefaultScope
WARN: Unsupported default scope javax.inject.Singleton provided for REST client br.com.mercadoturbo.mercadolivre.client.MercadoLivreFeedBackApi. Defaulting to jakarta.enterprise.context.ApplicationScoped
Jul 03, 2025 2:54:29 PM io.quarkus.rest.client.reactive.deployment.RestClientReactiveProcessor computeDefaultScope
WARN: Unsupported default scope javax.inject.Singleton provided for REST client br.com.mercadoturbo.mercadolivre.client.MercadoLivreSuggestionApi. Defaulting to jakarta.enterprise.context.ApplicationScoped
Jul 03, 2025 2:54:29 PM io.quarkus.rest.client.reactive.deployment.RestClientReactiveProcessor computeDefaultScope
WARN: Unsupported default scope javax.inject.Singleton provided for REST client br.com.mercadoturbo.mercadolivre.client.MercadoLivreTendenciaApi. Defaulting to jakarta.enterprise.context.ApplicationScoped
Jul 03, 2025 2:54:29 PM io.quarkus.rest.client.reactive.deployment.RestClientReactiveProcessor computeDefaultScope
WARN: Unsupported default scope javax.inject.Singleton provided for REST client br.com.mercadoturbo.mercadolivre.client.MercadoLivreQuestionsApi. Defaulting to jakarta.enterprise.context.ApplicationScoped
Jul 03, 2025 2:54:29 PM io.quarkus.rest.client.reactive.deployment.RestClientReactiveProcessor computeDefaultScope
WARN: Unsupported default scope javax.inject.Singleton provided for REST client br.com.mercadoturbo.mercadolivre.client.MercadoLivreItemsApi. Defaulting to jakarta.enterprise.context.ApplicationScoped
Jul 03, 2025 2:54:29 PM io.quarkus.rest.client.reactive.deployment.RestClientReactiveProcessor computeDefaultScope
WARN: Unsupported default scope javax.inject.Singleton provided for REST client br.com.mercadoturbo.mercadolivre.client.MercadoLivreDescriptionApi. Defaulting to jakarta.enterprise.context.ApplicationScoped
Jul 03, 2025 2:54:29 PM io.quarkus.rest.client.reactive.deployment.RestClientReactiveProcessor computeDefaultScope
WARN: Unsupported default scope javax.inject.Singleton provided for REST client br.com.mercadoturbo.mercadolivre.client.MercadoLivreUsersVisitsApi. Defaulting to jakarta.enterprise.context.ApplicationScoped
Jul 03, 2025 2:54:29 PM io.quarkus.rest.client.reactive.deployment.RestClientReactiveProcessor computeDefaultScope
WARN: Unsupported default scope javax.inject.Singleton provided for REST client br.com.mercadoturbo.mercadolivre.client.MercadoLivreFaturamentoApi. Defaulting to jakarta.enterprise.context.ApplicationScoped
Jul 03, 2025 2:54:29 PM io.quarkus.rest.client.reactive.deployment.RestClientReactiveProcessor computeDefaultScope
WARN: Unsupported default scope javax.inject.Singleton provided for REST client br.com.mercadoturbo.mercadolivre.client.MercadoLivreNotaFiscalApi. Defaulting to jakarta.enterprise.context.ApplicationScoped
Jul 03, 2025 2:54:29 PM io.quarkus.rest.client.reactive.deployment.RestClientReactiveProcessor computeDefaultScope
WARN: Unsupported default scope javax.inject.Singleton provided for REST client br.com.mercadoturbo.mercadolivre.client.MercadoLivreAttributesApi. Defaulting to jakarta.enterprise.context.ApplicationScoped
Jul 03, 2025 2:54:29 PM io.quarkus.rest.client.reactive.deployment.RestClientReactiveProcessor computeDefaultScope
WARN: Unsupported default scope javax.inject.Singleton provided for REST client br.com.mercadoturbo.mercadolivre.client.MercadoLivreUsersApi. Defaulting to jakarta.enterprise.context.ApplicationScoped
Jul 03, 2025 2:54:29 PM io.quarkus.rest.client.reactive.deployment.RestClientReactiveProcessor computeDefaultScope
WARN: Unsupported default scope javax.inject.Singleton provided for REST client br.com.mercadoturbo.mercadolivre.client.MercadoLivreClaimApi. Defaulting to jakarta.enterprise.context.ApplicationScoped
Jul 03, 2025 2:54:29 PM io.quarkus.rest.client.reactive.deployment.RestClientReactiveProcessor computeDefaultScope
WARN: Unsupported default scope javax.inject.Singleton provided for REST client br.com.mercadoturbo.mercadolivre.client.MercadoLivreBlockApi. Defaulting to jakarta.enterprise.context.ApplicationScoped
Jul 03, 2025 2:54:29 PM io.quarkus.rest.client.reactive.deployment.RestClientReactiveProcessor computeDefaultScope
WARN: Unsupported default scope javax.inject.Singleton provided for REST client br.com.mercadoturbo.mercadolivre.client.MercadoLivreAnswersApi. Defaulting to jakarta.enterprise.context.ApplicationScoped
Jul 03, 2025 2:54:29 PM io.quarkus.rest.client.reactive.deployment.RestClientReactiveProcessor computeDefaultScope
WARN: Unsupported default scope javax.inject.Singleton provided for REST client br.com.mercadoturbo.mercadolivre.client.MercadoLivreUserProductApi. Defaulting to jakarta.enterprise.context.ApplicationScoped
Jul 03, 2025 2:54:29 PM io.quarkus.rest.client.reactive.deployment.RestClientReactiveProcessor computeDefaultScope
WARN: Unsupported default scope javax.inject.Singleton provided for REST client br.com.mercadoturbo.mercadolivre.client.MercadoLivreUploadApi. Defaulting to jakarta.enterprise.context.ApplicationScoped
Jul 03, 2025 2:54:29 PM io.quarkus.rest.client.reactive.deployment.RestClientReactiveProcessor computeDefaultScope
WARN: Unsupported default scope javax.inject.Singleton provided for REST client br.com.mercadoturbo.mercadolivre.client.MercadoLivreCatalogApi. Defaulting to jakarta.enterprise.context.ApplicationScoped
Jul 03, 2025 2:54:29 PM io.quarkus.rest.client.reactive.deployment.RestClientReactiveProcessor computeDefaultScope
WARN: Unsupported default scope javax.inject.Singleton provided for REST client br.com.mercadoturbo.mercadolivre.client.MercadoLivreInscricaoEstadualApi. Defaulting to jakarta.enterprise.context.ApplicationScoped
Jul 03, 2025 2:54:29 PM io.quarkus.rest.client.reactive.deployment.RestClientReactiveProcessor computeDefaultScope
WARN: Unsupported default scope javax.inject.Singleton provided for REST client br.com.mercadoturbo.mercadolivre.client.MercadoLivrePriceForSellingApi. Defaulting to jakarta.enterprise.context.ApplicationScoped
Jul 03, 2025 2:54:31 PM io.quarkus.runtime.configuration.ConfigDiagnostic unknown
WARN: Unrecognized configuration key "quarkus.log.console.json" was provided; it will be ignored; verify that the dependency extension for this configuration is set or that you did not make a typo
Jul 03, 2025 2:54:33 PM io.quarkus.bootstrap.runner.Timing printStartupTime
INFO: api-mercado-livre 1.0.0-SNAPSHOT on JVM (powered by Quarkus 3.10.0) started in 5.654s. Listening on: http://localhost:8081
Jul 03, 2025 2:54:33 PM io.quarkus.bootstrap.runner.Timing printStartupTime
INFO: Profile test activated. 
Jul 03, 2025 2:54:33 PM io.quarkus.bootstrap.runner.Timing printStartupTime
INFO: Installed features: [cdi, rest, rest-client, rest-client-jackson, rest-jackson, smallrye-context-propagation, smallrye-openapi, swagger-ui, vertx]
Jul 03, 2025 2:54:33 PM org.jboss.logmanager.JBossLoggerFinder getLogger
ERROR: The LogManager accessed before the "java.util.logging.manager" system property was set to "org.jboss.logmanager.LogManager". Results may be unexpected.
WARNING: A Java agent has been loaded dynamically (C:\Users\nicol\.m2\repository\net\bytebuddy\byte-buddy-agent\1.14.12\byte-buddy-agent-1.14.12.jar)
WARNING: If a serviceability tool is in use, please run with -XX:+EnableDynamicAgentLoading to hide this warning
WARNING: If a serviceability tool is not in use, please run with -Djdk.instrument.traceUsage for more information
WARNING: Dynamic loading of agents will be disallowed by default in a future release
]]></system-err>
  </testcase>
</testsuite>